#
# There is insufficient memory for the Java Runtime Environment to continue.
# Native memory allocation (malloc) failed to allocate 58096 bytes. Error detail: Chunk::new
# Possible reasons:
#   The system is out of physical RAM or swap space
#   This process is running with CompressedOops enabled, and the Java Heap may be blocking the growth of the native heap
# Possible solutions:
#   Reduce memory load on the system
#   Increase physical memory or swap space
#   Check if swap backing store is full
#   Decrease Java heap size (-Xmx/-Xms)
#   Decrease number of Java threads
#   Decrease Java thread stack sizes (-Xss)
#   Set larger code cache with -XX:ReservedCodeCacheSize=
#   JVM is running with Unscaled Compressed Oops mode in which the Java heap is
#     placed in the first 4GB address space. The Java Heap base address is the
#     maximum limit for the native heap growth. Please use -XX:HeapBaseMinAddress
#     to set the Java Heap base and to place the Java Heap above 4GB virtual address.
# This output file may be truncated or incomplete.
#
#  Out of Memory Error (arena.cpp:168), pid=34828, tid=21440
#
# JRE version: OpenJDK Runtime Environment Temurin-21.0.9+10 (21.0.9+10) (build 21.0.9+10-LTS)
# Java VM: OpenJDK 64-Bit Server VM Temurin-21.0.9+10 (21.0.9+10-LTS, mixed mode, sharing, tiered, compressed oops, compressed class ptrs, parallel gc, windows-amd64)
# No core dump will be written. Minidumps are not enabled by default on client versions of Windows
#

---------------  S U M M A R Y ------------

Command Line: --add-modules=ALL-SYSTEM --add-opens=java.base/java.util=ALL-UNNAMED --add-opens=java.base/java.lang=ALL-UNNAMED --add-opens=java.base/sun.nio.fs=ALL-UNNAMED -Declipse.application=org.eclipse.jdt.ls.core.id1 -Dosgi.bundles.defaultStartLevel=4 -Declipse.product=org.eclipse.jdt.ls.core.product -Djava.import.generatesMetadataFilesAtProjectRoot=false -DDetectVMInstallationsJob.disabled=true -Dfile.encoding=utf8 -XX:+UseParallelGC -XX:GCTimeRatio=4 -XX:AdaptiveSizePolicyWeight=90 -Dsun.zip.disableMemoryMapping=true -Xmx2G -Xms100m -Xlog:disable -javaagent:c:\Users\rohit\.vscode\extensions\redhat.java-1.50.0-win32-x64\lombok\lombok-1.18.39-4050.jar c:\Users\rohit\.vscode\extensions\redhat.java-1.50.0-win32-x64\server\plugins\org.eclipse.equinox.launcher_1.7.100.v20251111-0406.jar -configuration c:\Users\rohit\AppData\Roaming\Code\User\globalStorage\redhat.java\1.50.0\config_ss_win -data c:\Users\rohit\AppData\Roaming\Code\User\workspaceStorage\b8db18613b463001cf21d7b9d9c3ad5c\redhat.java\ss_ws --pipe=\\.\pipe\lsp-6be21ea7598911270a509daf30815d64-sock

Host: 12th Gen Intel(R) Core(TM) i5-1235U, 12 cores, 15G,  Windows 11 , 64 bit Build 26100 (10.0.26100.7309)
Time: Mon Jan 19 19:22:19 2026 India Standard Time elapsed time: 93.885046 seconds (0d 0h 1m 33s)

---------------  T H R E A D  ---------------

Current thread (0x000001f8fe995620):  JavaThread "C2 CompilerThread0" daemon [_thread_in_native, id=21440, stack(0x0000008f6cb00000,0x0000008f6cc00000) (1024K)]


Current CompileTask:
C2:93885 4609 %     4       java.io.WinNTFileSystem::normalize @ 22 (143 bytes)

Stack: [0x0000008f6cb00000,0x0000008f6cc00000]
Native frames: (J=compiled Java code, j=interpreted, Vv=VM code, C=native code)
V  [jvm.dll+0x6d6e29]
V  [jvm.dll+0x8b4b76]
V  [jvm.dll+0x8b712e]
V  [jvm.dll+0x8b7813]
V  [jvm.dll+0x283d86]
V  [jvm.dll+0xc66ed]
V  [jvm.dll+0xc6c31]
V  [jvm.dll+0x3be501]
V  [jvm.dll+0x38ab92]
V  [jvm.dll+0x389fda]
V  [jvm.dll+0x24bfa0]
V  [jvm.dll+0x24b580]
V  [jvm.dll+0x1cb13e]
V  [jvm.dll+0x25b29d]
V  [jvm.dll+0x25982a]
V  [jvm.dll+0x3f7ea6]
V  [jvm.dll+0x85e9ad]
V  [jvm.dll+0x6d565d]
C  [ucrtbase.dll+0x37b0]
C  [KERNEL32.DLL+0x2e8d7]
C  [ntdll.dll+0x8c53c]


---------------  P R O C E S S  ---------------

Threads class SMR info:
_java_thread_list=0x000001f884da9240, length=39, elements={
0x000001f8a4ffcdd0, 0x000001f8fe9844b0, 0x000001f8bbaadc50, 0x000001f8fe9884b0,
0x000001f8fe989100, 0x000001f8fe98ce70, 0x000001f8fe9927e0, 0x000001f8fe995620,
0x000001f8fe9a6070, 0x000001f8feb876f0, 0x000001f8feda0100, 0x000001f8841ecc70,
0x000001f8ff0a2e00, 0x000001f8ff16bfb0, 0x000001f88406e850, 0x000001f8febc4a80,
0x000001f8844d9910, 0x000001f8844d6b20, 0x000001f8844d71b0, 0x000001f8844d7840,
0x000001f8844d6490, 0x000001f8844da630, 0x000001f8844d9280, 0x000001f8844d9fa0,
0x000001f8844dacc0, 0x000001f8844db350, 0x000001f8844d7ed0, 0x000001f8844db9e0,
0x000001f8844d8560, 0x000001f8844dc070, 0x000001f8844d8bf0, 0x000001f8844dd420,
0x000001f8844dc700, 0x000001f8844dcd90, 0x000001f8844ddab0, 0x000001f8febc7870,
0x000001f8febc64c0, 0x000001f8febc5e30, 0x000001f8febc5110
}

Java Threads: ( => current thread )
  0x000001f8a4ffcdd0 JavaThread "main"                              [_thread_blocked, id=34976, stack(0x0000008f6c100000,0x0000008f6c200000) (1024K)]
  0x000001f8fe9844b0 JavaThread "Reference Handler"          daemon [_thread_blocked, id=35276, stack(0x0000008f6c500000,0x0000008f6c600000) (1024K)]
  0x000001f8bbaadc50 JavaThread "Finalizer"                  daemon [_thread_blocked, id=12664, stack(0x0000008f6c600000,0x0000008f6c700000) (1024K)]
  0x000001f8fe9884b0 JavaThread "Signal Dispatcher"          daemon [_thread_blocked, id=32904, stack(0x0000008f6c700000,0x0000008f6c800000) (1024K)]
  0x000001f8fe989100 JavaThread "Attach Listener"            daemon [_thread_blocked, id=14664, stack(0x0000008f6c800000,0x0000008f6c900000) (1024K)]
  0x000001f8fe98ce70 JavaThread "Service Thread"             daemon [_thread_blocked, id=33504, stack(0x0000008f6c900000,0x0000008f6ca00000) (1024K)]
  0x000001f8fe9927e0 JavaThread "Monitor Deflation Thread"   daemon [_thread_blocked, id=31188, stack(0x0000008f6ca00000,0x0000008f6cb00000) (1024K)]
=>0x000001f8fe995620 JavaThread "C2 CompilerThread0"         daemon [_thread_in_native, id=21440, stack(0x0000008f6cb00000,0x0000008f6cc00000) (1024K)]
  0x000001f8fe9a6070 JavaThread "C1 CompilerThread0"         daemon [_thread_blocked, id=31728, stack(0x0000008f6cc00000,0x0000008f6cd00000) (1024K)]
  0x000001f8feb876f0 JavaThread "Common-Cleaner"             daemon [_thread_blocked, id=15952, stack(0x0000008f6cd00000,0x0000008f6ce00000) (1024K)]
  0x000001f8feda0100 JavaThread "Notification Thread"        daemon [_thread_blocked, id=11824, stack(0x0000008f6ce00000,0x0000008f6cf00000) (1024K)]
  0x000001f8841ecc70 JavaThread "Active Thread: Equinox Container: c488919f-ebb4-4fb5-9fea-4e8be7c905dc"        [_thread_blocked, id=29108, stack(0x0000008f6db00000,0x0000008f6dc00000) (1024K)]
  0x000001f8ff0a2e00 JavaThread "Framework Event Dispatcher: Equinox Container: c488919f-ebb4-4fb5-9fea-4e8be7c905dc" daemon [_thread_blocked, id=29748, stack(0x0000008f6cf00000,0x0000008f6d000000) (1024K)]
  0x000001f8ff16bfb0 JavaThread "Start Level: Equinox Container: c488919f-ebb4-4fb5-9fea-4e8be7c905dc" daemon [_thread_blocked, id=30384, stack(0x0000008f6d600000,0x0000008f6d700000) (1024K)]
  0x000001f88406e850 JavaThread "Refresh Thread: Equinox Container: c488919f-ebb4-4fb5-9fea-4e8be7c905dc" daemon [_thread_blocked, id=19696, stack(0x0000008f6d800000,0x0000008f6d900000) (1024K)]
  0x000001f8febc4a80 JavaThread "SCR Component Actor"        daemon [_thread_blocked, id=30528, stack(0x0000008f6e600000,0x0000008f6e700000) (1024K)]
  0x000001f8844d9910 JavaThread "Worker-JM"                         [_thread_blocked, id=22036, stack(0x0000008f6e800000,0x0000008f6e900000) (1024K)]
  0x000001f8844d6b20 JavaThread "Worker-0"                          [_thread_blocked, id=27840, stack(0x0000008f6ea00000,0x0000008f6eb00000) (1024K)]
  0x000001f8844d71b0 JavaThread "Worker-1"                          [_thread_blocked, id=468, stack(0x0000008f6eb00000,0x0000008f6ec00000) (1024K)]
  0x000001f8844d7840 JavaThread "JNA Cleaner"                daemon [_thread_blocked, id=20732, stack(0x0000008f6ec00000,0x0000008f6ed00000) (1024K)]
  0x000001f8844d6490 JavaThread "Thread-1"                   daemon [_thread_in_native, id=27356, stack(0x0000008f6ef00000,0x0000008f6f000000) (1024K)]
  0x000001f8844da630 JavaThread "Thread-2"                   daemon [_thread_in_native, id=26052, stack(0x0000008f6f000000,0x0000008f6f100000) (1024K)]
  0x000001f8844d9280 JavaThread "Thread-3"                   daemon [_thread_in_native, id=3848, stack(0x0000008f6f100000,0x0000008f6f200000) (1024K)]
  0x000001f8844d9fa0 JavaThread "Thread-4"                   daemon [_thread_in_native, id=23220, stack(0x0000008f6f200000,0x0000008f6f300000) (1024K)]
  0x000001f8844dacc0 JavaThread "Thread-5"                   daemon [_thread_in_native, id=7544, stack(0x0000008f6f300000,0x0000008f6f400000) (1024K)]
  0x000001f8844db350 JavaThread "Thread-6"                   daemon [_thread_in_native, id=26816, stack(0x0000008f6f400000,0x0000008f6f500000) (1024K)]
  0x000001f8844d7ed0 JavaThread "Thread-7"                   daemon [_thread_in_native, id=16252, stack(0x0000008f6f500000,0x0000008f6f600000) (1024K)]
  0x000001f8844db9e0 JavaThread "Thread-8"                   daemon [_thread_in_native, id=34264, stack(0x0000008f6f600000,0x0000008f6f700000) (1024K)]
  0x000001f8844d8560 JavaThread "Thread-9"                   daemon [_thread_in_native, id=19404, stack(0x0000008f6f700000,0x0000008f6f800000) (1024K)]
  0x000001f8844dc070 JavaThread "Thread-10"                  daemon [_thread_in_native, id=19336, stack(0x0000008f6f800000,0x0000008f6f900000) (1024K)]
  0x000001f8844d8bf0 JavaThread "Thread-11"                  daemon [_thread_in_native, id=17060, stack(0x0000008f6f900000,0x0000008f6fa00000) (1024K)]
  0x000001f8844dd420 JavaThread "Thread-12"                  daemon [_thread_in_native, id=12764, stack(0x0000008f6fa00000,0x0000008f6fb00000) (1024K)]
  0x000001f8844dc700 JavaThread "Thread-13"                  daemon [_thread_in_native, id=27148, stack(0x0000008f6fb00000,0x0000008f6fc00000) (1024K)]
  0x000001f8844dcd90 JavaThread "Worker-2: Shutdown..."             [_thread_in_vm, id=3040, stack(0x0000008f6fc00000,0x0000008f6fd00000) (1024K)]
  0x000001f8844ddab0 JavaThread "pool-2-thread-1"                   [_thread_blocked, id=25212, stack(0x0000008f6fd00000,0x0000008f6fe00000) (1024K)]
  0x000001f8febc7870 JavaThread "WorkspaceEventsHandler"            [_thread_blocked, id=28868, stack(0x0000008f6d900000,0x0000008f6da00000) (1024K)]
  0x000001f8febc64c0 JavaThread "pool-1-thread-1"                   [_thread_blocked, id=35752, stack(0x0000008f6da00000,0x0000008f6db00000) (1024K)]
  0x000001f8febc5e30 JavaThread "Worker-3"                          [_thread_blocked, id=9352, stack(0x0000008f6e000000,0x0000008f6e100000) (1024K)]
  0x000001f8febc5110 JavaThread "ForkJoinPool.commonPool-worker-1" daemon [_thread_blocked, id=17964, stack(0x0000008f6be00000,0x0000008f6bf00000) (1024K)]
Total: 39

Other Threads:
  0x000001f8a50beaa0 VMThread "VM Thread"                           [id=33964, stack(0x0000008f6c400000,0x0000008f6c500000) (1024K)]
  0x000001f8bb98ca10 WatcherThread "VM Periodic Task Thread"        [id=27832, stack(0x0000008f6c300000,0x0000008f6c400000) (1024K)]
  0x000001f8a501b530 WorkerThread "GC Thread#0"                     [id=27252, stack(0x0000008f6c200000,0x0000008f6c300000) (1024K)]
  0x000001f8fedbffa0 WorkerThread "GC Thread#1"                     [id=26520, stack(0x0000008f6d000000,0x0000008f6d100000) (1024K)]
  0x000001f8841e7bc0 WorkerThread "GC Thread#2"                     [id=5176, stack(0x0000008f6d100000,0x0000008f6d200000) (1024K)]
  0x000001f8841e7f60 WorkerThread "GC Thread#3"                     [id=34200, stack(0x0000008f6d200000,0x0000008f6d300000) (1024K)]
  0x000001f8ff18bb80 WorkerThread "GC Thread#4"                     [id=20788, stack(0x0000008f6d300000,0x0000008f6d400000) (1024K)]
  0x000001f8ff18bf20 WorkerThread "GC Thread#5"                     [id=4868, stack(0x0000008f6d400000,0x0000008f6d500000) (1024K)]
  0x000001f8ff565340 WorkerThread "GC Thread#6"                     [id=31568, stack(0x0000008f6d500000,0x0000008f6d600000) (1024K)]
  0x000001f8fe99d1d0 WorkerThread "GC Thread#7"                     [id=33116, stack(0x0000008f6d700000,0x0000008f6d800000) (1024K)]
  0x000001f8ff157ff0 WorkerThread "GC Thread#8"                     [id=23840, stack(0x0000008f6e700000,0x0000008f6e800000) (1024K)]
  0x000001f8ff1595b0 WorkerThread "GC Thread#9"                     [id=16732, stack(0x0000008f6e900000,0x0000008f6ea00000) (1024K)]
Total: 12

Threads with active compile tasks:
C2 CompilerThread0  93922 4609 %     4       java.io.WinNTFileSystem::normalize @ 22 (143 bytes)
Total: 1

VM state: not at safepoint (normal execution)

VM Mutex/Monitor currently owned by a thread: None

Heap address: 0x0000000080000000, size: 2048 MB, Compressed Oops mode: 32-bit

CDS archive(s) mapped at: [0x000001f8bc000000-0x000001f8bcba0000-0x000001f8bcba0000), size 12189696, SharedBaseAddress: 0x000001f8bc000000, ArchiveRelocationMode: 1.
Compressed class space mapped at: 0x000001f8bd000000-0x000001f8fd000000, reserved size: 1073741824
Narrow klass base: 0x000001f8bc000000, Narrow klass shift: 0, Narrow klass range: 0x100000000

GC Precious Log:
 CardTable entry size: 512
 CPUs: 12 total, 12 available
 Memory: 16055M
 Large Page Support: Disabled
 NUMA Support: Disabled
 Compressed Oops: Enabled (32-bit)
 Alignments: Space 512K, Generation 512K, Heap 2M
 Heap Min Capacity: 100M
 Heap Initial Capacity: 100M
 Heap Max Capacity: 2G
 Pre-touch: Disabled
 Parallel Workers: 10

Heap:
 PSYoungGen      total 25600K, used 19996K [0x00000000d5580000, 0x00000000d7400000, 0x0000000100000000)
  eden space 23040K, 77% used [0x00000000d5580000,0x00000000d67070b8,0x00000000d6c00000)
  from space 2560K, 80% used [0x00000000d7180000,0x00000000d7380020,0x00000000d7400000)
  to   space 3072K, 0% used [0x00000000d6e00000,0x00000000d6e00000,0x00000000d7100000)
 ParOldGen       total 68608K, used 13163K [0x0000000080000000, 0x0000000084300000, 0x00000000d5580000)
  object space 68608K, 19% used [0x0000000080000000,0x0000000080cdac30,0x0000000084300000)
 Metaspace       used 31574K, committed 32384K, reserved 1114112K
  class space    used 3156K, committed 3520K, reserved 1048576K

Card table byte_map: [0x000001f8a49a0000,0x000001f8a4db0000] _byte_map_base: 0x000001f8a45a0000

Marking Bits: (ParMarkBitMap*) 0x00007ffc78f22460
 Begin Bits: [0x000001f8b74b0000, 0x000001f8b94b0000)
 End Bits:   [0x000001f8b94b0000, 0x000001f8bb4b0000)

Polling page: 0x000001f8a2e30000

Metaspace:

Usage:
  Non-class:     27.75 MB used.
      Class:      3.08 MB used.
       Both:     30.83 MB used.

Virtual space:
  Non-class space:       64.00 MB reserved,      28.19 MB ( 44%) committed,  1 nodes.
      Class space:        1.00 GB reserved,       3.44 MB ( <1%) committed,  1 nodes.
             Both:        1.06 GB reserved,      31.62 MB (  3%) committed. 

Chunk freelists:
   Non-Class:  3.58 MB
       Class:  12.38 MB
        Both:  15.95 MB

MaxMetaspaceSize: unlimited
CompressedClassSpaceSize: 1.00 GB
Initial GC threshold: 21.00 MB
Current GC threshold: 35.00 MB
CDS: on
 - commit_granule_bytes: 65536.
 - commit_granule_words: 8192.
 - virtual_space_node_default_size: 8388608.
 - enlarge_chunks_in_place: 1.
 - use_allocation_guard: 0.


Internal statistics:

num_allocs_failed_limit: 3.
num_arena_births: 594.
num_arena_deaths: 14.
num_vsnodes_births: 2.
num_vsnodes_deaths: 0.
num_space_committed: 506.
num_space_uncommitted: 0.
num_chunks_returned_to_freelist: 17.
num_chunks_taken_from_freelist: 1780.
num_chunk_merges: 7.
num_chunk_splits: 1174.
num_chunks_enlarged: 774.
num_inconsistent_stats: 0.

CodeHeap 'non-profiled nmethods': size=120000Kb used=2057Kb max_used=2057Kb free=117942Kb
 bounds [0x000001f8afcd0000, 0x000001f8aff40000, 0x000001f8b7200000]
CodeHeap 'profiled nmethods': size=120000Kb used=9816Kb max_used=9816Kb free=110183Kb
 bounds [0x000001f8a8200000, 0x000001f8a8ba0000, 0x000001f8af730000]
CodeHeap 'non-nmethods': size=5760Kb used=1345Kb max_used=1370Kb free=4414Kb
 bounds [0x000001f8af730000, 0x000001f8af9a0000, 0x000001f8afcd0000]
CodeCache: size=245760Kb, used=13218Kb, max_used=13243Kb, free=232539Kb
 total_blobs=5251, nmethods=4612, adapters=545, full_count=0
Compilation: enabled, stopped_count=0, restarted_count=0

Compilation events (20 events):
Event: 93.823 Thread 0x000001f8fe9a6070 4600       3       java.lang.invoke.LambdaForm$Name::<init> (19 bytes)
Event: 93.824 Thread 0x000001f8fe9a6070 nmethod 4600 0x000001f8a8b8bc10 code [0x000001f8a8b8be40, 0x000001f8a8b8c628]
Event: 93.824 Thread 0x000001f8fe9a6070 4597   !   3       java.lang.invoke.LambdaForm::lambdaName (49 bytes)
Event: 93.824 Thread 0x000001f8fe9a6070 nmethod 4597 0x000001f8a8b8c990 code [0x000001f8a8b8cb20, 0x000001f8a8b8cc48]
Event: 93.824 Thread 0x000001f8fe9a6070 4598       3       java.lang.invoke.MethodHandles::classData (17 bytes)
Event: 93.825 Thread 0x000001f8fe9a6070 nmethod 4598 0x000001f8a8b8cd10 code [0x000001f8a8b8cf00, 0x000001f8a8b8d2d0]
Event: 93.831 Thread 0x000001f8fe9a6070 4603       3       javax.xml.catalog.CatalogFeatures::get (10 bytes)
Event: 93.831 Thread 0x000001f8fe9a6070 nmethod 4603 0x000001f8a8b8d490 code [0x000001f8a8b8d640, 0x000001f8a8b8d798]
Event: 93.831 Thread 0x000001f8fe9a6070 4606       3       java.util.Vector::<init> (49 bytes)
Event: 93.832 Thread 0x000001f8fe9a6070 nmethod 4606 0x000001f8a8b8d890 code [0x000001f8a8b8dae0, 0x000001f8a8b8e2b0]
Event: 93.832 Thread 0x000001f8fe9a6070 4604       3       java.util.Collections$SynchronizedCollection::<init> (24 bytes)
Event: 93.832 Thread 0x000001f8fe9a6070 nmethod 4604 0x000001f8a8b8e610 code [0x000001f8a8b8e800, 0x000001f8a8b8ed58]
Event: 93.832 Thread 0x000001f8fe9a6070 4605       3       java.util.Hashtable::<init> (114 bytes)
Event: 93.833 Thread 0x000001f8fe9a6070 nmethod 4605 0x000001f8a8b8ef10 code [0x000001f8a8b8f240, 0x000001f8a8b90188]
Event: 93.833 Thread 0x000001f8fe9a6070 4607       3       org.eclipse.core.runtime.Path::computeLength (100 bytes)
Event: 93.834 Thread 0x000001f8fe9a6070 nmethod 4607 0x000001f8a8b90790 code [0x000001f8a8b90980, 0x000001f8a8b90e90]
Event: 93.875 Thread 0x000001f8fe9a6070 4608       1       org.eclipse.core.internal.registry.ExtensionRegistry::getObjectManager (5 bytes)
Event: 93.875 Thread 0x000001f8fe9a6070 nmethod 4608 0x000001f8afed1f10 code [0x000001f8afed20a0, 0x000001f8afed2168]
Event: 93.878 Thread 0x000001f8fe995620 4609 %     4       java.io.WinNTFileSystem::normalize @ 22 (143 bytes)
Event: 93.880 Thread 0x000001f8fe9a6070 4612       3       java.lang.invoke.VarHandleGuards::guard_LIJ_V (135 bytes)

GC Heap History (20 events):
Event: 24.279 GC heap before
{Heap before GC invocations=2 (full 0):
 PSYoungGen      total 29696K, used 28871K [0x00000000d5580000, 0x00000000d7680000, 0x0000000100000000)
  eden space 25600K, 100% used [0x00000000d5580000,0x00000000d6e80000,0x00000000d6e80000)
  from space 4096K, 79% used [0x00000000d6e80000,0x00000000d71b1e98,0x00000000d7280000)
  to   space 4096K, 0% used [0x00000000d7280000,0x00000000d7280000,0x00000000d7680000)
 ParOldGen       total 68608K, used 8K [0x0000000080000000, 0x0000000084300000, 0x00000000d5580000)
  object space 68608K, 0% used [0x0000000080000000,0x0000000080002000,0x0000000084300000)
 Metaspace       used 8343K, committed 8640K, reserved 1114112K
  class space    used 887K, committed 1024K, reserved 1048576K
}
Event: 24.292 GC heap after
{Heap after GC invocations=2 (full 0):
 PSYoungGen      total 29696K, used 4094K [0x00000000d5580000, 0x00000000d7680000, 0x0000000100000000)
  eden space 25600K, 0% used [0x00000000d5580000,0x00000000d5580000,0x00000000d6e80000)
  from space 4096K, 99% used [0x00000000d7280000,0x00000000d767f970,0x00000000d7680000)
  to   space 4096K, 0% used [0x00000000d6e80000,0x00000000d6e80000,0x00000000d7280000)
 ParOldGen       total 68608K, used 359K [0x0000000080000000, 0x0000000084300000, 0x00000000d5580000)
  object space 68608K, 0% used [0x0000000080000000,0x0000000080059d50,0x0000000084300000)
 Metaspace       used 8343K, committed 8640K, reserved 1114112K
  class space    used 887K, committed 1024K, reserved 1048576K
}
Event: 26.612 GC heap before
{Heap before GC invocations=3 (full 0):
 PSYoungGen      total 29696K, used 29694K [0x00000000d5580000, 0x00000000d7680000, 0x0000000100000000)
  eden space 25600K, 100% used [0x00000000d5580000,0x00000000d6e80000,0x00000000d6e80000)
  from space 4096K, 99% used [0x00000000d7280000,0x00000000d767f970,0x00000000d7680000)
  to   space 4096K, 0% used [0x00000000d6e80000,0x00000000d6e80000,0x00000000d7280000)
 ParOldGen       total 68608K, used 359K [0x0000000080000000, 0x0000000084300000, 0x00000000d5580000)
  object space 68608K, 0% used [0x0000000080000000,0x0000000080059d50,0x0000000084300000)
 Metaspace       used 9384K, committed 9728K, reserved 1114112K
  class space    used 978K, committed 1152K, reserved 1048576K
}
Event: 26.624 GC heap after
{Heap after GC invocations=3 (full 0):
 PSYoungGen      total 29696K, used 4067K [0x00000000d5580000, 0x00000000d7680000, 0x0000000100000000)
  eden space 25600K, 0% used [0x00000000d5580000,0x00000000d5580000,0x00000000d6e80000)
  from space 4096K, 99% used [0x00000000d6e80000,0x00000000d7278fd8,0x00000000d7280000)
  to   space 4096K, 0% used [0x00000000d7280000,0x00000000d7280000,0x00000000d7680000)
 ParOldGen       total 68608K, used 3061K [0x0000000080000000, 0x0000000084300000, 0x00000000d5580000)
  object space 68608K, 4% used [0x0000000080000000,0x00000000802fd4f8,0x0000000084300000)
 Metaspace       used 9384K, committed 9728K, reserved 1114112K
  class space    used 978K, committed 1152K, reserved 1048576K
}
Event: 29.059 GC heap before
{Heap before GC invocations=4 (full 0):
 PSYoungGen      total 29696K, used 29667K [0x00000000d5580000, 0x00000000d7680000, 0x0000000100000000)
  eden space 25600K, 100% used [0x00000000d5580000,0x00000000d6e80000,0x00000000d6e80000)
  from space 4096K, 99% used [0x00000000d6e80000,0x00000000d7278fd8,0x00000000d7280000)
  to   space 4096K, 0% used [0x00000000d7280000,0x00000000d7280000,0x00000000d7680000)
 ParOldGen       total 68608K, used 3061K [0x0000000080000000, 0x0000000084300000, 0x00000000d5580000)
  object space 68608K, 4% used [0x0000000080000000,0x00000000802fd4f8,0x0000000084300000)
 Metaspace       used 13693K, committed 14208K, reserved 1114112K
  class space    used 1413K, committed 1664K, reserved 1048576K
}
Event: 29.070 GC heap after
{Heap after GC invocations=4 (full 0):
 PSYoungGen      total 29696K, used 4090K [0x00000000d5580000, 0x00000000d7680000, 0x0000000100000000)
  eden space 25600K, 0% used [0x00000000d5580000,0x00000000d5580000,0x00000000d6e80000)
  from space 4096K, 99% used [0x00000000d7280000,0x00000000d767ebc8,0x00000000d7680000)
  to   space 4096K, 0% used [0x00000000d6e80000,0x00000000d6e80000,0x00000000d7280000)
 ParOldGen       total 68608K, used 4649K [0x0000000080000000, 0x0000000084300000, 0x00000000d5580000)
  object space 68608K, 6% used [0x0000000080000000,0x000000008048a558,0x0000000084300000)
 Metaspace       used 13693K, committed 14208K, reserved 1114112K
  class space    used 1413K, committed 1664K, reserved 1048576K
}
Event: 31.635 GC heap before
{Heap before GC invocations=5 (full 0):
 PSYoungGen      total 29696K, used 29690K [0x00000000d5580000, 0x00000000d7680000, 0x0000000100000000)
  eden space 25600K, 100% used [0x00000000d5580000,0x00000000d6e80000,0x00000000d6e80000)
  from space 4096K, 99% used [0x00000000d7280000,0x00000000d767ebc8,0x00000000d7680000)
  to   space 4096K, 0% used [0x00000000d6e80000,0x00000000d6e80000,0x00000000d7280000)
 ParOldGen       total 68608K, used 4649K [0x0000000080000000, 0x0000000084300000, 0x00000000d5580000)
  object space 68608K, 6% used [0x0000000080000000,0x000000008048a558,0x0000000084300000)
 Metaspace       used 17265K, committed 17856K, reserved 1114112K
  class space    used 1762K, committed 2048K, reserved 1048576K
}
Event: 31.644 GC heap after
{Heap after GC invocations=5 (full 0):
 PSYoungGen      total 29184K, used 4078K [0x00000000d5580000, 0x00000000d7c00000, 0x0000000100000000)
  eden space 25088K, 0% used [0x00000000d5580000,0x00000000d5580000,0x00000000d6e00000)
  from space 4096K, 99% used [0x00000000d6e80000,0x00000000d727ba10,0x00000000d7280000)
  to   space 7168K, 0% used [0x00000000d7500000,0x00000000d7500000,0x00000000d7c00000)
 ParOldGen       total 68608K, used 7480K [0x0000000080000000, 0x0000000084300000, 0x00000000d5580000)
  object space 68608K, 10% used [0x0000000080000000,0x000000008074e3e8,0x0000000084300000)
 Metaspace       used 17265K, committed 17856K, reserved 1114112K
  class space    used 1762K, committed 2048K, reserved 1048576K
}
Event: 33.007 GC heap before
{Heap before GC invocations=6 (full 0):
 PSYoungGen      total 29184K, used 29166K [0x00000000d5580000, 0x00000000d7c00000, 0x0000000100000000)
  eden space 25088K, 100% used [0x00000000d5580000,0x00000000d6e00000,0x00000000d6e00000)
  from space 4096K, 99% used [0x00000000d6e80000,0x00000000d727ba10,0x00000000d7280000)
  to   space 7168K, 0% used [0x00000000d7500000,0x00000000d7500000,0x00000000d7c00000)
 ParOldGen       total 68608K, used 7480K [0x0000000080000000, 0x0000000084300000, 0x00000000d5580000)
  object space 68608K, 10% used [0x0000000080000000,0x000000008074e3e8,0x0000000084300000)
 Metaspace       used 20736K, committed 21376K, reserved 1114112K
  class space    used 2028K, committed 2304K, reserved 1048576K
}
Event: 33.014 GC heap after
{Heap after GC invocations=6 (full 0):
 PSYoungGen      total 31232K, used 6267K [0x00000000d5580000, 0x00000000d7b80000, 0x0000000100000000)
  eden space 24576K, 0% used [0x00000000d5580000,0x00000000d5580000,0x00000000d6d80000)
  from space 6656K, 94% used [0x00000000d7500000,0x00000000d7b1ed40,0x00000000d7b80000)
  to   space 6656K, 0% used [0x00000000d6e80000,0x00000000d6e80000,0x00000000d7500000)
 ParOldGen       total 68608K, used 7488K [0x0000000080000000, 0x0000000084300000, 0x00000000d5580000)
  object space 68608K, 10% used [0x0000000080000000,0x00000000807503e8,0x0000000084300000)
 Metaspace       used 20736K, committed 21376K, reserved 1114112K
  class space    used 2028K, committed 2304K, reserved 1048576K
}
Event: 33.031 GC heap before
{Heap before GC invocations=7 (full 0):
 PSYoungGen      total 31232K, used 6940K [0x00000000d5580000, 0x00000000d7b80000, 0x0000000100000000)
  eden space 24576K, 2% used [0x00000000d5580000,0x00000000d56282d0,0x00000000d6d80000)
  from space 6656K, 94% used [0x00000000d7500000,0x00000000d7b1ed40,0x00000000d7b80000)
  to   space 6656K, 0% used [0x00000000d6e80000,0x00000000d6e80000,0x00000000d7500000)
 ParOldGen       total 68608K, used 7488K [0x0000000080000000, 0x0000000084300000, 0x00000000d5580000)
  object space 68608K, 10% used [0x0000000080000000,0x00000000807503e8,0x0000000084300000)
 Metaspace       used 20889K, committed 21504K, reserved 1114112K
  class space    used 2028K, committed 2304K, reserved 1048576K
}
Event: 33.039 GC heap after
{Heap after GC invocations=7 (full 0):
 PSYoungGen      total 28160K, used 3355K [0x00000000d5580000, 0x00000000d7680000, 0x0000000100000000)
  eden space 24576K, 0% used [0x00000000d5580000,0x00000000d5580000,0x00000000d6d80000)
  from space 3584K, 93% used [0x00000000d6e80000,0x00000000d71c6d30,0x00000000d7200000)
  to   space 4608K, 0% used [0x00000000d7200000,0x00000000d7200000,0x00000000d7680000)
 ParOldGen       total 68608K, used 8890K [0x0000000080000000, 0x0000000084300000, 0x00000000d5580000)
  object space 68608K, 12% used [0x0000000080000000,0x00000000808aeb20,0x0000000084300000)
 Metaspace       used 20889K, committed 21504K, reserved 1114112K
  class space    used 2028K, committed 2304K, reserved 1048576K
}
Event: 33.039 GC heap before
{Heap before GC invocations=8 (full 1):
 PSYoungGen      total 28160K, used 3355K [0x00000000d5580000, 0x00000000d7680000, 0x0000000100000000)
  eden space 24576K, 0% used [0x00000000d5580000,0x00000000d5580000,0x00000000d6d80000)
  from space 3584K, 93% used [0x00000000d6e80000,0x00000000d71c6d30,0x00000000d7200000)
  to   space 4608K, 0% used [0x00000000d7200000,0x00000000d7200000,0x00000000d7680000)
 ParOldGen       total 68608K, used 8890K [0x0000000080000000, 0x0000000084300000, 0x00000000d5580000)
  object space 68608K, 12% used [0x0000000080000000,0x00000000808aeb20,0x0000000084300000)
 Metaspace       used 20889K, committed 21504K, reserved 1114112K
  class space    used 2028K, committed 2304K, reserved 1048576K
}
Event: 33.088 GC heap after
{Heap after GC invocations=8 (full 1):
 PSYoungGen      total 28160K, used 0K [0x00000000d5580000, 0x00000000d7680000, 0x0000000100000000)
  eden space 24576K, 0% used [0x00000000d5580000,0x00000000d5580000,0x00000000d6d80000)
  from space 3584K, 0% used [0x00000000d6e80000,0x00000000d6e80000,0x00000000d7200000)
  to   space 4608K, 0% used [0x00000000d7200000,0x00000000d7200000,0x00000000d7680000)
 ParOldGen       total 68608K, used 10136K [0x0000000080000000, 0x0000000084300000, 0x00000000d5580000)
  object space 68608K, 14% used [0x0000000080000000,0x00000000809e6280,0x0000000084300000)
 Metaspace       used 20877K, committed 21504K, reserved 1114112K
  class space    used 2024K, committed 2304K, reserved 1048576K
}
Event: 34.217 GC heap before
{Heap before GC invocations=9 (full 1):
 PSYoungGen      total 28160K, used 24576K [0x00000000d5580000, 0x00000000d7680000, 0x0000000100000000)
  eden space 24576K, 100% used [0x00000000d5580000,0x00000000d6d80000,0x00000000d6d80000)
  from space 3584K, 0% used [0x00000000d6e80000,0x00000000d6e80000,0x00000000d7200000)
  to   space 4608K, 0% used [0x00000000d7200000,0x00000000d7200000,0x00000000d7680000)
 ParOldGen       total 68608K, used 10136K [0x0000000080000000, 0x0000000084300000, 0x00000000d5580000)
  object space 68608K, 14% used [0x0000000080000000,0x00000000809e6280,0x0000000084300000)
 Metaspace       used 22656K, committed 23296K, reserved 1114112K
  class space    used 2143K, committed 2432K, reserved 1048576K
}
Event: 34.223 GC heap after
{Heap after GC invocations=9 (full 1):
 PSYoungGen      total 27136K, used 2952K [0x00000000d5580000, 0x00000000d7500000, 0x0000000100000000)
  eden space 24064K, 0% used [0x00000000d5580000,0x00000000d5580000,0x00000000d6d00000)
  from space 3072K, 96% used [0x00000000d7200000,0x00000000d74e22b0,0x00000000d7500000)
  to   space 3584K, 0% used [0x00000000d6e00000,0x00000000d6e00000,0x00000000d7180000)
 ParOldGen       total 68608K, used 10144K [0x0000000080000000, 0x0000000084300000, 0x00000000d5580000)
  object space 68608K, 14% used [0x0000000080000000,0x00000000809e8280,0x0000000084300000)
 Metaspace       used 22656K, committed 23296K, reserved 1114112K
  class space    used 2143K, committed 2432K, reserved 1048576K
}
Event: 35.515 GC heap before
{Heap before GC invocations=10 (full 1):
 PSYoungGen      total 27136K, used 27016K [0x00000000d5580000, 0x00000000d7500000, 0x0000000100000000)
  eden space 24064K, 100% used [0x00000000d5580000,0x00000000d6d00000,0x00000000d6d00000)
  from space 3072K, 96% used [0x00000000d7200000,0x00000000d74e22b0,0x00000000d7500000)
  to   space 3584K, 0% used [0x00000000d6e00000,0x00000000d6e00000,0x00000000d7180000)
 ParOldGen       total 68608K, used 10144K [0x0000000080000000, 0x0000000084300000, 0x00000000d5580000)
  object space 68608K, 14% used [0x0000000080000000,0x00000000809e8280,0x0000000084300000)
 Metaspace       used 26630K, committed 27392K, reserved 1114112K
  class space    used 2556K, committed 2880K, reserved 1048576K
}
Event: 35.520 GC heap after
{Heap after GC invocations=10 (full 1):
 PSYoungGen      total 27136K, used 3576K [0x00000000d5580000, 0x00000000d7480000, 0x0000000100000000)
  eden space 23552K, 0% used [0x00000000d5580000,0x00000000d5580000,0x00000000d6c80000)
  from space 3584K, 99% used [0x00000000d6e00000,0x00000000d717e2c0,0x00000000d7180000)
  to   space 3072K, 0% used [0x00000000d7180000,0x00000000d7180000,0x00000000d7480000)
 ParOldGen       total 68608K, used 10384K [0x0000000080000000, 0x0000000084300000, 0x00000000d5580000)
  object space 68608K, 15% used [0x0000000080000000,0x0000000080a24290,0x0000000084300000)
 Metaspace       used 26630K, committed 27392K, reserved 1114112K
  class space    used 2556K, committed 2880K, reserved 1048576K
}
Event: 36.788 GC heap before
{Heap before GC invocations=11 (full 1):
 PSYoungGen      total 27136K, used 27120K [0x00000000d5580000, 0x00000000d7480000, 0x0000000100000000)
  eden space 23552K, 99% used [0x00000000d5580000,0x00000000d6c7df80,0x00000000d6c80000)
  from space 3584K, 99% used [0x00000000d6e00000,0x00000000d717e2c0,0x00000000d7180000)
  to   space 3072K, 0% used [0x00000000d7180000,0x00000000d7180000,0x00000000d7480000)
 ParOldGen       total 68608K, used 10384K [0x0000000080000000, 0x0000000084300000, 0x00000000d5580000)
  object space 68608K, 15% used [0x0000000080000000,0x0000000080a24290,0x0000000084300000)
 Metaspace       used 29490K, committed 30272K, reserved 1114112K
  class space    used 2924K, committed 3264K, reserved 1048576K
}
Event: 36.795 GC heap after
{Heap after GC invocations=11 (full 1):
 PSYoungGen      total 25600K, used 2048K [0x00000000d5580000, 0x00000000d7400000, 0x0000000100000000)
  eden space 23040K, 0% used [0x00000000d5580000,0x00000000d5580000,0x00000000d6c00000)
  from space 2560K, 80% used [0x00000000d7180000,0x00000000d7380020,0x00000000d7400000)
  to   space 3072K, 0% used [0x00000000d6e00000,0x00000000d6e00000,0x00000000d7100000)
 ParOldGen       total 68608K, used 13163K [0x0000000080000000, 0x0000000084300000, 0x00000000d5580000)
  object space 68608K, 19% used [0x0000000080000000,0x0000000080cdac30,0x0000000084300000)
 Metaspace       used 29490K, committed 30272K, reserved 1114112K
  class space    used 2924K, committed 3264K, reserved 1048576K
}

Dll operation events (12 events):
Event: 0.369 Loaded shared library c:\Users\rohit\.vscode\extensions\redhat.java-1.50.0-win32-x64\jre\21.0.9-win32-x86_64\bin\java.dll
Event: 0.727 Loaded shared library c:\Users\rohit\.vscode\extensions\redhat.java-1.50.0-win32-x64\jre\21.0.9-win32-x86_64\bin\zip.dll
Event: 0.806 Loaded shared library C:\Users\rohit\.vscode\extensions\redhat.java-1.50.0-win32-x64\jre\21.0.9-win32-x86_64\bin\instrument.dll
Event: 0.918 Loaded shared library C:\Users\rohit\.vscode\extensions\redhat.java-1.50.0-win32-x64\jre\21.0.9-win32-x86_64\bin\net.dll
Event: 1.019 Loaded shared library C:\Users\rohit\.vscode\extensions\redhat.java-1.50.0-win32-x64\jre\21.0.9-win32-x86_64\bin\nio.dll
Event: 1.027 Loaded shared library C:\Users\rohit\.vscode\extensions\redhat.java-1.50.0-win32-x64\jre\21.0.9-win32-x86_64\bin\zip.dll
Event: 1.084 Loaded shared library C:\Users\rohit\.vscode\extensions\redhat.java-1.50.0-win32-x64\jre\21.0.9-win32-x86_64\bin\jimage.dll
Event: 1.429 Loaded shared library c:\Users\rohit\.vscode\extensions\redhat.java-1.50.0-win32-x64\jre\21.0.9-win32-x86_64\bin\verify.dll
Event: 25.921 Loaded shared library C:\Users\rohit\AppData\Roaming\Code\User\globalStorage\redhat.java\1.50.0\config_ss_win\org.eclipse.equinox.launcher\org.eclipse.equinox.launcher.win32.win32.x86_64_1.2.1400.v20250801-0854\eclipse_11916.dll
Event: 30.055 Loaded shared library C:\Users\rohit\.vscode\extensions\redhat.java-1.50.0-win32-x64\jre\21.0.9-win32-x86_64\bin\management.dll
Event: 30.249 Loaded shared library C:\Users\rohit\.vscode\extensions\redhat.java-1.50.0-win32-x64\jre\21.0.9-win32-x86_64\bin\management_ext.dll
Event: 35.279 Loaded shared library C:\Users\rohit\AppData\Local\Temp\jna-108691510\jna4781958902734822177.dll

Deoptimization events (20 events):
Event: 39.218 Thread 0x000001f8febc64c0 DEOPT PACKING pc=0x000001f8a8a0ec26 sp=0x0000008f6dafe100
Event: 39.218 Thread 0x000001f8febc64c0 DEOPT UNPACKING pc=0x000001f8af784242 sp=0x0000008f6dafd5f8 mode 0
Event: 39.219 Thread 0x000001f8febc64c0 DEOPT PACKING pc=0x000001f8a8a0ec26 sp=0x0000008f6dafe100
Event: 39.220 Thread 0x000001f8febc64c0 DEOPT UNPACKING pc=0x000001f8af784242 sp=0x0000008f6dafd5f8 mode 0
Event: 93.880 Thread 0x000001f8844dcd90 Uncommon trap: trap_request=0xffffffde fr.pc=0x000001f8afe77928 relative=0x0000000000000448
Event: 93.880 Thread 0x000001f8844dcd90 Uncommon trap: reason=class_check action=maybe_recompile pc=0x000001f8afe77928 method=java.io.DataOutputStream.writeInt(I)V @ 19 c2
Event: 93.880 Thread 0x000001f8844dcd90 DEOPT PACKING pc=0x000001f8afe77928 sp=0x0000008f6fcff2f0
Event: 93.880 Thread 0x000001f8844dcd90 DEOPT UNPACKING pc=0x000001f8af783aa2 sp=0x0000008f6fcff298 mode 2
Event: 93.880 Thread 0x000001f8844dcd90 Uncommon trap: trap_request=0xffffffde fr.pc=0x000001f8afe77928 relative=0x0000000000000448
Event: 93.880 Thread 0x000001f8844dcd90 Uncommon trap: reason=class_check action=maybe_recompile pc=0x000001f8afe77928 method=java.io.DataOutputStream.writeInt(I)V @ 19 c2
Event: 93.880 Thread 0x000001f8844dcd90 DEOPT PACKING pc=0x000001f8afe77928 sp=0x0000008f6fcff0b0
Event: 93.880 Thread 0x000001f8844dcd90 DEOPT UNPACKING pc=0x000001f8af783aa2 sp=0x0000008f6fcff058 mode 2
Event: 93.880 Thread 0x000001f8844dcd90 Uncommon trap: trap_request=0xffffffde fr.pc=0x000001f8afe77928 relative=0x0000000000000448
Event: 93.880 Thread 0x000001f8844dcd90 Uncommon trap: reason=class_check action=maybe_recompile pc=0x000001f8afe77928 method=java.io.DataOutputStream.writeInt(I)V @ 19 c2
Event: 93.880 Thread 0x000001f8844dcd90 DEOPT PACKING pc=0x000001f8afe77928 sp=0x0000008f6fcff200
Event: 93.880 Thread 0x000001f8844dcd90 DEOPT UNPACKING pc=0x000001f8af783aa2 sp=0x0000008f6fcff1a8 mode 2
Event: 93.881 Thread 0x000001f8844dcd90 Uncommon trap: trap_request=0xffffffde fr.pc=0x000001f8afe77928 relative=0x0000000000000448
Event: 93.881 Thread 0x000001f8844dcd90 Uncommon trap: reason=class_check action=maybe_recompile pc=0x000001f8afe77928 method=java.io.DataOutputStream.writeInt(I)V @ 19 c2
Event: 93.881 Thread 0x000001f8844dcd90 DEOPT PACKING pc=0x000001f8afe77928 sp=0x0000008f6fcff150
Event: 93.881 Thread 0x000001f8844dcd90 DEOPT UNPACKING pc=0x000001f8af783aa2 sp=0x0000008f6fcff0f8 mode 2

Classes loaded (20 events):
Event: 93.805 Loading class java/util/concurrent/CompletableFuture$UniCompletion done
Event: 93.805 Loading class java/util/concurrent/CompletableFuture$UniApply done
Event: 93.806 Loading class java/util/concurrent/CompletableFuture$UniAccept
Event: 93.807 Loading class java/util/concurrent/CompletableFuture$UniAccept done
Event: 93.807 Loading class java/util/concurrent/CompletableFuture$UniExceptionally
Event: 93.807 Loading class java/util/concurrent/CompletableFuture$UniExceptionally done
Event: 93.844 Loading class java/util/concurrent/ConcurrentHashMap$EntrySpliterator
Event: 93.844 Loading class java/util/concurrent/ConcurrentHashMap$EntrySpliterator done
Event: 93.861 Loading class java/util/concurrent/ForkJoinTask$AdaptedCallable
Event: 93.861 Loading class java/util/concurrent/ForkJoinTask$AdaptedCallable done
Event: 93.870 Loading class java/util/stream/Nodes$CollectorTask$OfRef
Event: 93.870 Loading class java/util/stream/Nodes$CollectorTask
Event: 93.870 Loading class java/util/stream/Nodes$CollectorTask done
Event: 93.870 Loading class java/util/stream/Nodes$CollectorTask$OfRef done
Event: 93.870 Loading class java/util/function/LongFunction
Event: 93.870 Loading class java/util/function/LongFunction done
Event: 93.871 Loading class java/util/stream/Nodes$ConcNode
Event: 93.871 Loading class java/util/stream/Nodes$AbstractConcNode
Event: 93.872 Loading class java/util/stream/Nodes$AbstractConcNode done
Event: 93.872 Loading class java/util/stream/Nodes$ConcNode done

Classes unloaded (7 events):
Event: 33.053 Thread 0x000001f8a50beaa0 Unloading class 0x000001f8bd1a9800 'java/lang/invoke/LambdaForm$MH+0x000001f8bd1a9800'
Event: 33.053 Thread 0x000001f8a50beaa0 Unloading class 0x000001f8bd1a9400 'java/lang/invoke/LambdaForm$MH+0x000001f8bd1a9400'
Event: 33.053 Thread 0x000001f8a50beaa0 Unloading class 0x000001f8bd1a9000 'java/lang/invoke/LambdaForm$MH+0x000001f8bd1a9000'
Event: 33.053 Thread 0x000001f8a50beaa0 Unloading class 0x000001f8bd1a8c00 'java/lang/invoke/LambdaForm$MH+0x000001f8bd1a8c00'
Event: 33.053 Thread 0x000001f8a50beaa0 Unloading class 0x000001f8bd1a8800 'java/lang/invoke/LambdaForm$BMH+0x000001f8bd1a8800'
Event: 33.053 Thread 0x000001f8a50beaa0 Unloading class 0x000001f8bd1a8400 'java/lang/invoke/LambdaForm$DMH+0x000001f8bd1a8400'
Event: 33.053 Thread 0x000001f8a50beaa0 Unloading class 0x000001f8bd1a7000 'java/lang/invoke/LambdaForm$DMH+0x000001f8bd1a7000'

Classes redefined (0 events):
No events

Internal exceptions (20 events):
Event: 39.544 Thread 0x000001f8febc64c0 Exception <a 'sun/nio/fs/WindowsException'{0x00000000d616bf98}> (0x00000000d616bf98) 
thrown [s\src\hotspot\share\prims\jni.cpp, line 520]
Event: 39.546 Thread 0x000001f8febc64c0 Exception <a 'sun/nio/fs/WindowsException'{0x00000000d617d690}> (0x00000000d617d690) 
thrown [s\src\hotspot\share\prims\jni.cpp, line 520]
Event: 39.547 Thread 0x000001f8febc64c0 Exception <a 'sun/nio/fs/WindowsException'{0x00000000d617e190}> (0x00000000d617e190) 
thrown [s\src\hotspot\share\prims\jni.cpp, line 520]
Event: 39.547 Thread 0x000001f8febc64c0 Exception <a 'sun/nio/fs/WindowsException'{0x00000000d617f648}> (0x00000000d617f648) 
thrown [s\src\hotspot\share\prims\jni.cpp, line 520]
Event: 39.547 Thread 0x000001f8febc64c0 Exception <a 'sun/nio/fs/WindowsException'{0x00000000d6180198}> (0x00000000d6180198) 
thrown [s\src\hotspot\share\prims\jni.cpp, line 520]
Event: 39.548 Thread 0x000001f8febc64c0 Exception <a 'sun/nio/fs/WindowsException'{0x00000000d61816f0}> (0x00000000d61816f0) 
thrown [s\src\hotspot\share\prims\jni.cpp, line 520]
Event: 39.548 Thread 0x000001f8febc64c0 Exception <a 'sun/nio/fs/WindowsException'{0x00000000d6182248}> (0x00000000d6182248) 
thrown [s\src\hotspot\share\prims\jni.cpp, line 520]
Event: 39.549 Thread 0x000001f8febc64c0 Exception <a 'sun/nio/fs/WindowsException'{0x00000000d6183788}> (0x00000000d6183788) 
thrown [s\src\hotspot\share\prims\jni.cpp, line 520]
Event: 39.549 Thread 0x000001f8febc64c0 Exception <a 'sun/nio/fs/WindowsException'{0x00000000d61842e0}> (0x00000000d61842e0) 
thrown [s\src\hotspot\share\prims\jni.cpp, line 520]
Event: 39.550 Thread 0x000001f8febc64c0 Exception <a 'sun/nio/fs/WindowsException'{0x00000000d6185858}> (0x00000000d6185858) 
thrown [s\src\hotspot\share\prims\jni.cpp, line 520]
Event: 39.550 Thread 0x000001f8febc64c0 Exception <a 'sun/nio/fs/WindowsException'{0x00000000d61863e8}> (0x00000000d61863e8) 
thrown [s\src\hotspot\share\prims\jni.cpp, line 520]
Event: 39.551 Thread 0x000001f8febc64c0 Exception <a 'sun/nio/fs/WindowsException'{0x00000000d6187930}> (0x00000000d6187930) 
thrown [s\src\hotspot\share\prims\jni.cpp, line 520]
Event: 39.551 Thread 0x000001f8febc64c0 Exception <a 'sun/nio/fs/WindowsException'{0x00000000d6188488}> (0x00000000d6188488) 
thrown [s\src\hotspot\share\prims\jni.cpp, line 520]
Event: 39.552 Thread 0x000001f8febc64c0 Exception <a 'sun/nio/fs/WindowsException'{0x00000000d618a618}> (0x00000000d618a618) 
thrown [s\src\hotspot\share\prims\jni.cpp, line 520]
Event: 39.563 Thread 0x000001f8febc64c0 Exception <a 'sun/nio/fs/WindowsException'{0x00000000d6196e00}> (0x00000000d6196e00) 
thrown [s\src\hotspot\share\prims\jni.cpp, line 520]
Event: 39.564 Thread 0x000001f8febc64c0 Exception <a 'sun/nio/fs/WindowsException'{0x00000000d619d0a0}> (0x00000000d619d0a0) 
thrown [s\src\hotspot\share\prims\jni.cpp, line 520]
Event: 39.626 Thread 0x000001f8febc64c0 Exception <a 'java/lang/IncompatibleClassChangeError'{0x00000000d6433ac0}: Found class java.lang.Object, but interface was expected> (0x00000000d6433ac0) 
thrown [s\src\hotspot\share\interpreter\linkResolver.cpp, line 840]
Event: 93.848 Thread 0x000001f8844dcd90 Exception <a 'sun/nio/fs/WindowsException'{0x00000000d665b5f8}> (0x00000000d665b5f8) 
thrown [s\src\hotspot\share\prims\jni.cpp, line 520]
Event: 93.854 Thread 0x000001f8844dcd90 Exception <a 'sun/nio/fs/WindowsException'{0x00000000d6661a00}> (0x00000000d6661a00) 
thrown [s\src\hotspot\share\prims\jni.cpp, line 520]
Event: 93.878 Thread 0x000001f8844dcd90 Exception <a 'java/io/FileNotFoundException'{0x00000000d66ebf20}> (0x00000000d66ebf20) 
thrown [s\src\hotspot\share\prims\jni.cpp, line 520]

ZGC Phase Switch (0 events):
No events

VM Operations (20 events):
Event: 35.515 Executing VM operation: ParallelGCFailedAllocation (Allocation Failure)
Event: 35.520 Executing VM operation: ParallelGCFailedAllocation (Allocation Failure) done
Event: 36.526 Executing VM operation: Cleanup
Event: 36.526 Executing VM operation: Cleanup done
Event: 36.738 Executing VM operation: HandshakeAllThreads (Deoptimize)
Event: 36.738 Executing VM operation: HandshakeAllThreads (Deoptimize) done
Event: 36.788 Executing VM operation: ParallelGCFailedAllocation (Allocation Failure)
Event: 36.795 Executing VM operation: ParallelGCFailedAllocation (Allocation Failure) done
Event: 37.127 Executing VM operation: HandshakeAllThreads (Deoptimize)
Event: 37.128 Executing VM operation: HandshakeAllThreads (Deoptimize) done
Event: 38.142 Executing VM operation: Cleanup
Event: 38.142 Executing VM operation: Cleanup done
Event: 40.168 Executing VM operation: Cleanup
Event: 40.168 Executing VM operation: Cleanup done
Event: 46.209 Executing VM operation: Cleanup
Event: 46.209 Executing VM operation: Cleanup done
Event: 60.435 Executing VM operation: HandshakeAllThreads (HandshakeForDeflation)
Event: 60.435 Executing VM operation: HandshakeAllThreads (HandshakeForDeflation) done
Event: 60.435 Executing VM operation: RendezvousGCThreads
Event: 60.435 Executing VM operation: RendezvousGCThreads done

Memory protections (0 events):
No events

Nmethod flushes (0 events):
No events

Events (20 events):
Event: 37.231 Thread 0x000001f8febc64c0 Thread added: 0x000001f8febc7f00
Event: 37.232 Thread 0x000001f8febc64c0 Thread added: 0x000001f8febc5110
Event: 37.233 Thread 0x000001f8febc64c0 Thread added: 0x000001f8febc57a0
Event: 37.234 Thread 0x000001f8febc64c0 Thread added: 0x000001f8febc6b50
Event: 37.973 Thread 0x000001f8844d71b0 Thread added: 0x000001f8febc5e30
Event: 38.629 Thread 0x000001f8febc5110 Thread exited: 0x000001f8febc5110
Event: 38.630 Thread 0x000001f8febc57a0 Thread exited: 0x000001f8febc57a0
Event: 38.637 Thread 0x000001f8febc7f00 Thread exited: 0x000001f8febc7f00
Event: 38.637 Thread 0x000001f8febc6b50 Thread exited: 0x000001f8febc6b50
Event: 38.664 Thread 0x000001f8febc64c0 Thread added: 0x000001f8febc5110
Event: 38.664 Thread 0x000001f8febc64c0 Thread added: 0x000001f8febc6b50
Event: 38.664 Thread 0x000001f8febc64c0 Thread added: 0x000001f8febc71e0
Event: 38.664 Thread 0x000001f8febc64c0 Thread added: 0x000001f8febc7f00
Event: 39.104 Thread 0x000001f8febc6b50 Thread exited: 0x000001f8febc6b50
Event: 39.104 Thread 0x000001f8febc71e0 Thread exited: 0x000001f8febc71e0
Event: 39.108 Thread 0x000001f8febc5110 Thread exited: 0x000001f8febc5110
Event: 39.108 Thread 0x000001f8febc7f00 Thread exited: 0x000001f8febc7f00
Event: 93.806 Thread 0x000001f8febc64c0 Thread added: 0x000001f8febc5110
Event: 93.861 Thread 0x000001f8844dcd90 Thread added: 0x000001f8febc57a0
Event: 93.873 Thread 0x000001f8febc57a0 Thread exited: 0x000001f8febc57a0


Dynamic libraries:
0x00007ff6f9c40000 - 0x00007ff6f9c4e000 	c:\Users\rohit\.vscode\extensions\redhat.java-1.50.0-win32-x64\jre\21.0.9-win32-x86_64\bin\java.exe
0x00007ffd23d40000 - 0x00007ffd23fa7000 	C:\WINDOWS\SYSTEM32\ntdll.dll
0x00007ffd21ff0000 - 0x00007ffd220b9000 	C:\WINDOWS\System32\KERNEL32.DLL
0x00007ffd21590000 - 0x00007ffd2197f000 	C:\WINDOWS\System32\KERNELBASE.dll
0x00007ffd21990000 - 0x00007ffd21adb000 	C:\WINDOWS\System32\ucrtbase.dll
0x00007ffcd3cc0000 - 0x00007ffcd3cde000 	c:\Users\rohit\.vscode\extensions\redhat.java-1.50.0-win32-x64\jre\21.0.9-win32-x86_64\bin\VCRUNTIME140.dll
0x00007ffccfc00000 - 0x00007ffccfc18000 	c:\Users\rohit\.vscode\extensions\redhat.java-1.50.0-win32-x64\jre\21.0.9-win32-x86_64\bin\jli.dll
0x00007ffd22520000 - 0x00007ffd226e5000 	C:\WINDOWS\System32\USER32.dll
0x00007ffd212b0000 - 0x00007ffd212d7000 	C:\WINDOWS\System32\win32u.dll
0x00007ffcfd1d0000 - 0x00007ffcfd463000 	C:\WINDOWS\WinSxS\amd64_microsoft.windows.common-controls_6595b64144ccf1df_6.0.26100.7309_none_3e05feeae336a044\COMCTL32.dll
0x00007ffd238d0000 - 0x00007ffd238fb000 	C:\WINDOWS\System32\GDI32.dll
0x00007ffd226f0000 - 0x00007ffd22799000 	C:\WINDOWS\System32\msvcrt.dll
0x00007ffd21180000 - 0x00007ffd212ac000 	C:\WINDOWS\System32\gdi32full.dll
0x00007ffd21010000 - 0x00007ffd210b3000 	C:\WINDOWS\System32\msvcp_win.dll
0x00007ffd220c0000 - 0x00007ffd220f1000 	C:\WINDOWS\System32\IMM32.DLL
0x00007ffcfee40000 - 0x00007ffcfee4c000 	c:\Users\rohit\.vscode\extensions\redhat.java-1.50.0-win32-x64\jre\21.0.9-win32-x86_64\bin\vcruntime140_1.dll
0x00007ffcce640000 - 0x00007ffcce6cd000 	c:\Users\rohit\.vscode\extensions\redhat.java-1.50.0-win32-x64\jre\21.0.9-win32-x86_64\bin\msvcp140.dll
0x00007ffc78260000 - 0x00007ffc79000000 	c:\Users\rohit\.vscode\extensions\redhat.java-1.50.0-win32-x64\jre\21.0.9-win32-x86_64\bin\server\jvm.dll
0x00007ffd23280000 - 0x00007ffd23334000 	C:\WINDOWS\System32\ADVAPI32.dll
0x00007ffd23740000 - 0x00007ffd237e6000 	C:\WINDOWS\System32\sechost.dll
0x00007ffd22300000 - 0x00007ffd22418000 	C:\WINDOWS\System32\RPCRT4.dll
0x00007ffd23a20000 - 0x00007ffd23a94000 	C:\WINDOWS\System32\WS2_32.dll
0x00007ffd20cf0000 - 0x00007ffd20d4e000 	C:\WINDOWS\SYSTEM32\POWRPROF.dll
0x00007ffd158d0000 - 0x00007ffd15905000 	C:\WINDOWS\SYSTEM32\WINMM.dll
0x00007ffd110f0000 - 0x00007ffd110fb000 	C:\WINDOWS\SYSTEM32\VERSION.dll
0x00007ffd20cd0000 - 0x00007ffd20ce4000 	C:\WINDOWS\SYSTEM32\UMPDC.dll
0x00007ffd1fc40000 - 0x00007ffd1fc5b000 	C:\WINDOWS\SYSTEM32\kernel.appcore.dll
0x00007ffcfeb00000 - 0x00007ffcfeb0a000 	c:\Users\rohit\.vscode\extensions\redhat.java-1.50.0-win32-x64\jre\21.0.9-win32-x86_64\bin\jimage.dll
0x00007ffd1e260000 - 0x00007ffd1e4a2000 	C:\WINDOWS\SYSTEM32\DBGHELP.DLL
0x00007ffd233b0000 - 0x00007ffd23735000 	C:\WINDOWS\System32\combase.dll
0x00007ffd237f0000 - 0x00007ffd238c6000 	C:\WINDOWS\System32\OLEAUT32.dll
0x00007ffcf6dd0000 - 0x00007ffcf6e0c000 	C:\WINDOWS\SYSTEM32\dbgcore.DLL
0x00007ffd21450000 - 0x00007ffd214f5000 	C:\WINDOWS\System32\bcryptPrimitives.dll
0x00007ffcfea80000 - 0x00007ffcfea8f000 	c:\Users\rohit\.vscode\extensions\redhat.java-1.50.0-win32-x64\jre\21.0.9-win32-x86_64\bin\instrument.dll
0x00007ffccfa40000 - 0x00007ffccfa60000 	c:\Users\rohit\.vscode\extensions\redhat.java-1.50.0-win32-x64\jre\21.0.9-win32-x86_64\bin\java.dll
0x00007ffd22840000 - 0x00007ffd22f93000 	C:\WINDOWS\System32\SHELL32.dll
0x00007ffd212e0000 - 0x00007ffd2144a000 	C:\WINDOWS\System32\wintypes.dll
0x00007ffd1ea70000 - 0x00007ffd1f2ce000 	C:\WINDOWS\SYSTEM32\windows.storage.dll
0x00007ffd22420000 - 0x00007ffd22515000 	C:\WINDOWS\System32\SHCORE.dll
0x00007ffd23340000 - 0x00007ffd233a6000 	C:\WINDOWS\System32\shlwapi.dll
0x00007ffd20db0000 - 0x00007ffd20dd9000 	C:\WINDOWS\SYSTEM32\profapi.dll
0x00007ffccfa20000 - 0x00007ffccfa38000 	c:\Users\rohit\.vscode\extensions\redhat.java-1.50.0-win32-x64\jre\21.0.9-win32-x86_64\bin\zip.dll
0x00007ffcfd060000 - 0x00007ffcfd070000 	C:\Users\rohit\.vscode\extensions\redhat.java-1.50.0-win32-x64\jre\21.0.9-win32-x86_64\bin\net.dll
0x00007ffd145b0000 - 0x00007ffd146d8000 	C:\WINDOWS\SYSTEM32\WINHTTP.dll
0x00007ffd201b0000 - 0x00007ffd2021b000 	C:\WINDOWS\system32\mswsock.dll
0x00007ffcced50000 - 0x00007ffcced66000 	C:\Users\rohit\.vscode\extensions\redhat.java-1.50.0-win32-x64\jre\21.0.9-win32-x86_64\bin\nio.dll
0x00007ffd12c60000 - 0x00007ffd12c70000 	c:\Users\rohit\.vscode\extensions\redhat.java-1.50.0-win32-x64\jre\21.0.9-win32-x86_64\bin\verify.dll
0x00007ffcce5f0000 - 0x00007ffcce634000 	C:\Users\rohit\AppData\Roaming\Code\User\globalStorage\redhat.java\1.50.0\config_ss_win\org.eclipse.equinox.launcher\org.eclipse.equinox.launcher.win32.win32.x86_64_1.2.1400.v20250801-0854\eclipse_11916.dll
0x00007ffd22160000 - 0x00007ffd222f7000 	C:\WINDOWS\System32\ole32.dll
0x00007ffd105b0000 - 0x00007ffd105ba000 	C:\Users\rohit\.vscode\extensions\redhat.java-1.50.0-win32-x64\jre\21.0.9-win32-x86_64\bin\management.dll
0x00007ffd105a0000 - 0x00007ffd105ac000 	C:\Users\rohit\.vscode\extensions\redhat.java-1.50.0-win32-x64\jre\21.0.9-win32-x86_64\bin\management_ext.dll
0x00007ffd23900000 - 0x00007ffd23908000 	C:\WINDOWS\System32\PSAPI.DLL
0x00007ffd20470000 - 0x00007ffd2048b000 	C:\WINDOWS\SYSTEM32\CRYPTSP.dll
0x00007ffd1fba0000 - 0x00007ffd1fbda000 	C:\WINDOWS\system32\rsaenh.dll
0x00007ffd20260000 - 0x00007ffd2028b000 	C:\WINDOWS\SYSTEM32\USERENV.dll
0x00007ffd20d80000 - 0x00007ffd20daa000 	C:\WINDOWS\SYSTEM32\bcrypt.dll
0x00007ffd20490000 - 0x00007ffd2049c000 	C:\WINDOWS\SYSTEM32\CRYPTBASE.dll
0x00007ffd1f780000 - 0x00007ffd1f7b4000 	C:\WINDOWS\SYSTEM32\IPHLPAPI.DLL
0x00007ffd22830000 - 0x00007ffd2283a000 	C:\WINDOWS\System32\NSI.dll
0x00007ffccd910000 - 0x00007ffccd959000 	C:\Users\rohit\AppData\Local\Temp\jna-108691510\jna4781958902734822177.dll
0x00007ffd19650000 - 0x00007ffd1966e000 	C:\WINDOWS\SYSTEM32\dhcpcsvc6.DLL
0x00007ffd16fa0000 - 0x00007ffd16fc3000 	C:\WINDOWS\SYSTEM32\dhcpcsvc.DLL
0x00007ffd1ccd0000 - 0x00007ffd1cd6f000 	C:\WINDOWS\system32\apphelp.dll

JVMTI agents:
c:\Users\rohit\.vscode\extensions\redhat.java-1.50.0-win32-x64\lombok\lombok-1.18.39-4050.jar path:c:\Users\rohit\.vscode\extensions\redhat.java-1.50.0-win32-x64\jre\21.0.9-win32-x86_64\bin\instrument.dll, loaded, initialized, instrumentlib options:none

dbghelp: loaded successfully - version: 4.0.5 - missing functions: none
symbol engine: initialized successfully - sym options: 0x614 - pdb path: .;c:\Users\rohit\.vscode\extensions\redhat.java-1.50.0-win32-x64\jre\21.0.9-win32-x86_64\bin;C:\WINDOWS\SYSTEM32;C:\WINDOWS\WinSxS\amd64_microsoft.windows.common-controls_6595b64144ccf1df_6.0.26100.7309_none_3e05feeae336a044;c:\Users\rohit\.vscode\extensions\redhat.java-1.50.0-win32-x64\jre\21.0.9-win32-x86_64\bin\server;C:\Users\rohit\AppData\Roaming\Code\User\globalStorage\redhat.java\1.50.0\config_ss_win\org.eclipse.equinox.launcher\org.eclipse.equinox.launcher.win32.win32.x86_64_1.2.1400.v20250801-0854;C:\Users\rohit\AppData\Local\Temp\jna-108691510

VM Arguments:
jvm_args: --add-modules=ALL-SYSTEM --add-opens=java.base/java.util=ALL-UNNAMED --add-opens=java.base/java.lang=ALL-UNNAMED --add-opens=java.base/sun.nio.fs=ALL-UNNAMED -Declipse.application=org.eclipse.jdt.ls.core.id1 -Dosgi.bundles.defaultStartLevel=4 -Declipse.product=org.eclipse.jdt.ls.core.product -Djava.import.generatesMetadataFilesAtProjectRoot=false -DDetectVMInstallationsJob.disabled=true -Dfile.encoding=utf8 -XX:+UseParallelGC -XX:GCTimeRatio=4 -XX:AdaptiveSizePolicyWeight=90 -Dsun.zip.disableMemoryMapping=true -Xmx2G -Xms100m -Xlog:disable -javaagent:c:\Users\rohit\.vscode\extensions\redhat.java-1.50.0-win32-x64\lombok\lombok-1.18.39-4050.jar 
java_command: c:\Users\rohit\.vscode\extensions\redhat.java-1.50.0-win32-x64\server\plugins\org.eclipse.equinox.launcher_1.7.100.v20251111-0406.jar -configuration c:\Users\rohit\AppData\Roaming\Code\User\globalStorage\redhat.java\1.50.0\config_ss_win -data c:\Users\rohit\AppData\Roaming\Code\User\workspaceStorage\b8db18613b463001cf21d7b9d9c3ad5c\redhat.java\ss_ws --pipe=\\.\pipe\lsp-6be21ea7598911270a509daf30815d64-sock
java_class_path (initial): c:\Users\rohit\.vscode\extensions\redhat.java-1.50.0-win32-x64\server\plugins\org.eclipse.equinox.launcher_1.7.100.v20251111-0406.jar
Launcher Type: SUN_STANDARD

[Global flags]
    uintx AdaptiveSizePolicyWeight                 = 90                                        {product} {command line}
     intx CICompilerCount                          = 4                                         {product} {ergonomic}
    uintx GCTimeRatio                              = 4                                         {product} {command line}
   size_t InitialHeapSize                          = 104857600                                 {product} {command line}
   size_t MaxHeapSize                              = 2147483648                                {product} {command line}
   size_t MaxNewSize                               = 715653120                                 {product} {ergonomic}
   size_t MinHeapDeltaBytes                        = 524288                                    {product} {ergonomic}
   size_t MinHeapSize                              = 104857600                                 {product} {command line}
   size_t NewSize                                  = 34603008                                  {product} {ergonomic}
    uintx NonNMethodCodeHeapSize                   = 5839372                                {pd product} {ergonomic}
    uintx NonProfiledCodeHeapSize                  = 122909434                              {pd product} {ergonomic}
   size_t OldSize                                  = 70254592                                  {product} {ergonomic}
    uintx ProfiledCodeHeapSize                     = 122909434                              {pd product} {ergonomic}
    uintx ReservedCodeCacheSize                    = 251658240                              {pd product} {ergonomic}
     bool SegmentedCodeCache                       = true                                      {product} {ergonomic}
   size_t SoftMaxHeapSize                          = 2147483648                             {manageable} {ergonomic}
     bool UseCompressedOops                        = true                           {product lp64_product} {ergonomic}
     bool UseLargePagesIndividualAllocation        = false                                  {pd product} {ergonomic}
     bool UseParallelGC                            = true                                      {product} {command line}

Logging:
Log output configuration:
 #0: stdout all=off uptime,level,tags foldmultilines=false
 #1: stderr all=off uptime,level,tags foldmultilines=false

Release file:
JAVA_VERSION="21.0.9" 
MODULES="java.base java.compiler java.datatransfer java.xml java.prefs java.desktop java.instrument java.logging java.management java.security.sasl java.naming java.rmi java.management.rmi java.net.http java.scripting java.security.jgss java.transaction.xa java.sql java.sql.rowset java.xml.crypto java.se java.smartcardio jdk.accessibility jdk.internal.jvmstat jdk.attach jdk.charsets jdk.internal.opt jdk.zipfs jdk.compiler jdk.crypto.ec jdk.crypto.cryptoki jdk.crypto.mscapi jdk.dynalink jdk.internal.ed jdk.editpad jdk.hotspot.agent jdk.httpserver jdk.internal.le jdk.internal.vm.ci jdk.internal.vm.compiler jdk.internal.vm.compiler.management jdk.jartool jdk.javadoc jdk.jcmd jdk.management jdk.management.agent jdk.jconsole jdk.jdeps jdk.jdwp.agent jdk.jdi jdk.jfr jdk.jshell jdk.jsobject jdk.jstatd jdk.localedata jdk.management.jfr jdk.naming.dns jdk.naming.rmi jdk.net jdk.nio.mapmode jdk.random jdk.sctp jdk.security.auth jdk.security.jgss jdk.unsupported jdk.unsupported.desktop jdk.xml.dom" 

Environment Variables:
PATH=C:\Users\rohit\anaconda3\condabin;C:\Program Files\Eclipse Adoptium\jdk-11.0.29.7-hotspot\bin;C:\Program Files\Microsoft MPI\Bin\;C:\windows\system32;C:\windows;C:\windows\System32\Wbem;C:\windows\System32\WindowsPowerShell\v1.0\;C:\windows\System32\OpenSSH\;C:\Program Files\MATLAB\R2023a\bin;C:\Program Files\nodejs\;C:\Program Files\HP\HP One Agent;C:\Program Files\Git\cmd;C:\Program Files\Docker\Docker\resources\bin;C:\WINDOWS\system32;C:\WINDOWS;C:\WINDOWS\System32\Wbem;C:\WINDOWS\System32\WindowsPowerShell\v1.0\;C:\WINDOWS\System32\OpenSSH\;C:\Program Files\cursor\resources\app\bin;C:\Program Files\Cloudflare\Cloudflare WARP\;C:\Users\rohit\anaconda3;C:\Users\rohit\anaconda3\Scripts;C:\Users\rohit\anaconda3\Library\bin;c:\Users\rohit\AppData\Local\Programs\Trae\bin;C:\Users\rohit\AppData\Local\Programs\Python\Python313\Scripts\;C:\Users\rohit\AppData\Local\Programs\Python\Python313\;C:\Program Files\MySQL\MySQL Shell 8.0\bin\;C:\Users\rohit\AppData\Local\Microsoft\WindowsApps;C:\Users\rohit\AppData\Local\Programs\Microsoft VS Code\bin;C:\Users\rohit\AppData\Roaming\npm;C:\msys64\ucrt64\bin;C:\Program Files\Java\jdk-23\bin;C:\Program Files\Java\jre1.8.0_441\bin;C:\Program Files (x86)\Brackets\;C:\Users\rohit\AppData\Local\Programs\Windsurf\bin
USERNAME=rohit
OS=Windows_NT
PROCESSOR_IDENTIFIER=Intel64 Family 6 Model 154 Stepping 4, GenuineIntel
TMP=C:\Users\rohit\AppData\Local\Temp
TEMP=C:\Users\rohit\AppData\Local\Temp




Periodic native trim disabled

---------------  S Y S T E M  ---------------

OS:
 Windows 11 , 64 bit Build 26100 (10.0.26100.7309)
OS uptime: 6 days 21:18 hours
Hyper-V role detected

CPU: total 12 (initial active 12) (6 cores per cpu, 2 threads per core) family 6 model 154 stepping 4 microcode 0x42c, cx8, cmov, fxsr, ht, mmx, 3dnowpref, sse, sse2, sse3, ssse3, sse4.1, sse4.2, popcnt, lzcnt, tsc, tscinvbit, avx, avx2, aes, erms, clmul, bmi1, bmi2, adx, sha, fma, vzeroupper, clflush, clflushopt, clwb, hv, serialize, rdtscp, rdpid, fsrm, f16c, cet_ibt, cet_ss
Processor Information for processor 0
  Max Mhz: 1300, Current Mhz: 1300, Mhz Limit: 1300
Processor Information for processor 1
  Max Mhz: 1300, Current Mhz: 1300, Mhz Limit: 1300
Processor Information for processor 2
  Max Mhz: 1300, Current Mhz: 1300, Mhz Limit: 1300
Processor Information for processor 3
  Max Mhz: 1300, Current Mhz: 1300, Mhz Limit: 1300
Processor Information for processor 4
  Max Mhz: 1300, Current Mhz: 900, Mhz Limit: 897
Processor Information for processor 5
  Max Mhz: 1300, Current Mhz: 900, Mhz Limit: 897
Processor Information for processor 6
  Max Mhz: 1300, Current Mhz: 900, Mhz Limit: 897
Processor Information for processor 7
  Max Mhz: 1300, Current Mhz: 900, Mhz Limit: 897
Processor Information for processor 8
  Max Mhz: 1300, Current Mhz: 900, Mhz Limit: 897
Processor Information for processor 9
  Max Mhz: 1300, Current Mhz: 900, Mhz Limit: 897
Processor Information for processor 10
  Max Mhz: 1300, Current Mhz: 900, Mhz Limit: 897
Processor Information for processor 11
  Max Mhz: 1300, Current Mhz: 900, Mhz Limit: 897

Memory: 4k page, system-wide physical 16055M (1751M free)
TotalPageFile size 20341M (AvailPageFile size 70M)
current process WorkingSet (physical memory assigned to process): 154M, peak: 180M
current process commit charge ("private bytes"): 287M, peak: 314M

vm_info: OpenJDK 64-Bit Server VM (21.0.9+10-LTS) for windows-amd64 JRE (21.0.9+10-LTS), built on 2025-10-21T00:00:00Z by "admin" with unknown MS VC++:1942

END.
